[INFO][2024-10-27 20:19:32][root] Start
[DEBUG][2024-10-27 20:19:32][selenium.webdriver.common.driver_finder] Skipping Selenium Manager; path to chrome driver specified in Service class: C:\Users\Kokur\AppData\Local\miniconda3\envs\testenv2\lib\site-packages\chromedriver_py\chromedriver_win64.exe
[DEBUG][2024-10-27 20:19:32][selenium.webdriver.common.service] Started executable: `C:\Users\Kokur\AppData\Local\miniconda3\envs\testenv2\lib\site-packages\chromedriver_py\chromedriver_win64.exe` in a child process with pid: 1228 using 0 to output -3
[DEBUG][2024-10-27 20:19:33][selenium.webdriver.remote.remote_connection] POST http://localhost:62333/session {'capabilities': {'firstMatch': [{}], 'alwaysMatch': {'browserName': 'chrome', 'pageLoadStrategy': <PageLoadStrategy.normal: 'normal'>, 'goog:chromeOptions': {'extensions': [], 'args': []}}}}
[DEBUG][2024-10-27 20:19:33][urllib3.connectionpool] Starting new HTTP connection (1): localhost:62333
[DEBUG][2024-10-27 20:19:33][urllib3.connectionpool] http://localhost:62333 "POST /session HTTP/11" 200 0
[DEBUG][2024-10-27 20:19:33][selenium.webdriver.remote.remote_connection] Remote response: status=200 | data={"value":{"capabilities":{"acceptInsecureCerts":false,"browserName":"chrome","browserVersion":"130.0.6723.70","chrome":{"chromedriverVersion":"129.0.6668.100 (cf58cba358d31ce285c1970a79a9411d0fb381a5-refs/branch-heads/6668@{#1704})","userDataDir":"C:\\Users\\Kokur\\AppData\\Local\\Temp\\scoped_dir1228_1788386877"},"fedcm:accounts":true,"goog:chromeOptions":{"debuggerAddress":"localhost:62336"},"networkConnectionEnabled":false,"pageLoadStrategy":"normal","platformName":"windows","proxy":{},"setWindowRect":true,"strictFileInteractability":false,"timeouts":{"implicit":0,"pageLoad":300000,"script":30000},"unhandledPromptBehavior":"dismiss and notify","webauthn:extension:credBlob":true,"webauthn:extension:largeBlob":true,"webauthn:extension:minPinLength":true,"webauthn:extension:prf":true,"webauthn:virtualAuthenticators":true},"sessionId":"b57265f23e5bd520ba82ea74b63f3c81"}} | headers=HTTPHeaderDict({'Content-Length': '882', 'Content-Type': 'application/json; charset=utf-8', 'cache-control': 'no-cache'})
[DEBUG][2024-10-27 20:19:33][selenium.webdriver.remote.remote_connection] Finished Request
[DEBUG][2024-10-27 20:19:33][selenium.webdriver.remote.remote_connection] POST http://localhost:62333/session/b57265f23e5bd520ba82ea74b63f3c81/timeouts {'implicit': 10000}
[DEBUG][2024-10-27 20:19:33][urllib3.connectionpool] http://localhost:62333 "POST /session/b57265f23e5bd520ba82ea74b63f3c81/timeouts HTTP/11" 200 0
[DEBUG][2024-10-27 20:19:33][selenium.webdriver.remote.remote_connection] Remote response: status=200 | data={"value":null} | headers=HTTPHeaderDict({'Content-Length': '14', 'Content-Type': 'application/json; charset=utf-8', 'cache-control': 'no-cache'})
[DEBUG][2024-10-27 20:19:33][selenium.webdriver.remote.remote_connection] Finished Request
[INFO][2024-10-27 20:19:33][root] stop
[DEBUG][2024-10-27 20:19:33][selenium.webdriver.remote.remote_connection] POST http://localhost:62333/session/b57265f23e5bd520ba82ea74b63f3c81/url {'url': 'https://only.digital/'}
[DEBUG][2024-10-27 20:19:36][urllib3.connectionpool] http://localhost:62333 "POST /session/b57265f23e5bd520ba82ea74b63f3c81/url HTTP/11" 200 0
[DEBUG][2024-10-27 20:19:36][selenium.webdriver.remote.remote_connection] Remote response: status=200 | data={"value":null} | headers=HTTPHeaderDict({'Content-Length': '14', 'Content-Type': 'application/json; charset=utf-8', 'cache-control': 'no-cache'})
[DEBUG][2024-10-27 20:19:36][selenium.webdriver.remote.remote_connection] Finished Request
[DEBUG][2024-10-27 20:19:36][selenium.webdriver.remote.remote_connection] POST http://localhost:62333/session/b57265f23e5bd520ba82ea74b63f3c81/element {'using': 'xpath', 'value': '//footer'}
[DEBUG][2024-10-27 20:19:36][urllib3.connectionpool] http://localhost:62333 "POST /session/b57265f23e5bd520ba82ea74b63f3c81/element HTTP/11" 200 0
[DEBUG][2024-10-27 20:19:36][selenium.webdriver.remote.remote_connection] Remote response: status=200 | data={"value":{"element-6066-11e4-a52e-4f735466cecf":"f.9FCEFFE75909652A475BD1B92C2F2E3B.d.C8BB6EA71157B04D47F0E3DAF1333F10.e.13"}} | headers=HTTPHeaderDict({'Content-Length': '126', 'Content-Type': 'application/json; charset=utf-8', 'cache-control': 'no-cache'})
[DEBUG][2024-10-27 20:19:36][selenium.webdriver.remote.remote_connection] Finished Request
[DEBUG][2024-10-27 20:19:36][selenium.webdriver.remote.remote_connection] DELETE http://localhost:62333/session/b57265f23e5bd520ba82ea74b63f3c81 {}
[DEBUG][2024-10-27 20:19:36][urllib3.connectionpool] http://localhost:62333 "DELETE /session/b57265f23e5bd520ba82ea74b63f3c81 HTTP/11" 200 0
[DEBUG][2024-10-27 20:19:36][selenium.webdriver.remote.remote_connection] Remote response: status=200 | data={"value":null} | headers=HTTPHeaderDict({'Content-Length': '14', 'Content-Type': 'application/json; charset=utf-8', 'cache-control': 'no-cache'})
[DEBUG][2024-10-27 20:19:36][selenium.webdriver.remote.remote_connection] Finished Request
[INFO][2024-10-28 12:27:19][root] Start
[DEBUG][2024-10-28 12:27:19][selenium.webdriver.common.driver_finder] Skipping Selenium Manager; path to chrome driver specified in Service class: C:\Users\Kokur\AppData\Local\miniconda3\envs\testenv2\lib\site-packages\chromedriver_py\chromedriver_win64.exe
[DEBUG][2024-10-28 12:27:19][selenium.webdriver.common.service] Started executable: `C:\Users\Kokur\AppData\Local\miniconda3\envs\testenv2\lib\site-packages\chromedriver_py\chromedriver_win64.exe` in a child process with pid: 4048 using 0 to output -3
[DEBUG][2024-10-28 12:27:20][selenium.webdriver.remote.remote_connection] POST http://localhost:52341/session {'capabilities': {'firstMatch': [{}], 'alwaysMatch': {'browserName': 'chrome', 'pageLoadStrategy': <PageLoadStrategy.normal: 'normal'>, 'goog:chromeOptions': {'extensions': [], 'args': []}}}}
[DEBUG][2024-10-28 12:27:20][urllib3.connectionpool] Starting new HTTP connection (1): localhost:52341
[DEBUG][2024-10-28 12:27:20][urllib3.connectionpool] http://localhost:52341 "POST /session HTTP/11" 200 0
[DEBUG][2024-10-28 12:27:20][selenium.webdriver.remote.remote_connection] Remote response: status=200 | data={"value":{"capabilities":{"acceptInsecureCerts":false,"browserName":"chrome","browserVersion":"130.0.6723.70","chrome":{"chromedriverVersion":"129.0.6668.100 (cf58cba358d31ce285c1970a79a9411d0fb381a5-refs/branch-heads/6668@{#1704})","userDataDir":"C:\\Users\\Kokur\\AppData\\Local\\Temp\\scoped_dir4048_2063617496"},"fedcm:accounts":true,"goog:chromeOptions":{"debuggerAddress":"localhost:52344"},"networkConnectionEnabled":false,"pageLoadStrategy":"normal","platformName":"windows","proxy":{},"setWindowRect":true,"strictFileInteractability":false,"timeouts":{"implicit":0,"pageLoad":300000,"script":30000},"unhandledPromptBehavior":"dismiss and notify","webauthn:extension:credBlob":true,"webauthn:extension:largeBlob":true,"webauthn:extension:minPinLength":true,"webauthn:extension:prf":true,"webauthn:virtualAuthenticators":true},"sessionId":"cc2932379698a4e7e72e60d247845f5e"}} | headers=HTTPHeaderDict({'Content-Length': '882', 'Content-Type': 'application/json; charset=utf-8', 'cache-control': 'no-cache'})
[DEBUG][2024-10-28 12:27:20][selenium.webdriver.remote.remote_connection] Finished Request
[DEBUG][2024-10-28 12:27:20][selenium.webdriver.remote.remote_connection] POST http://localhost:52341/session/cc2932379698a4e7e72e60d247845f5e/timeouts {'implicit': 10000}
[DEBUG][2024-10-28 12:27:20][urllib3.connectionpool] http://localhost:52341 "POST /session/cc2932379698a4e7e72e60d247845f5e/timeouts HTTP/11" 200 0
[DEBUG][2024-10-28 12:27:20][selenium.webdriver.remote.remote_connection] Remote response: status=200 | data={"value":null} | headers=HTTPHeaderDict({'Content-Length': '14', 'Content-Type': 'application/json; charset=utf-8', 'cache-control': 'no-cache'})
[DEBUG][2024-10-28 12:27:20][selenium.webdriver.remote.remote_connection] Finished Request
[INFO][2024-10-28 12:27:20][root] stop
[DEBUG][2024-10-28 12:27:20][selenium.webdriver.remote.remote_connection] POST http://localhost:52341/session/cc2932379698a4e7e72e60d247845f5e/element {'using': 'xpath', 'value': "(//a[@href='https://www.awwwards.com/Ilyaredko/'])[2]"}
[DEBUG][2024-10-28 12:27:30][urllib3.connectionpool] http://localhost:52341 "POST /session/cc2932379698a4e7e72e60d247845f5e/element HTTP/11" 404 0
[DEBUG][2024-10-28 12:27:30][selenium.webdriver.remote.remote_connection] Remote response: status=404 | data={"value":{"error":"no such element","message":"no such element: Unable to locate element: {\"method\":\"xpath\",\"selector\":\"(//a[@href='https://www.awwwards.com/Ilyaredko/'])[2]\"}\n  (Session info: chrome=130.0.6723.70)","stacktrace":"\tGetHandleVerifier [0x00007FF6F499B095+29557]\n\t(No symbol) [0x00007FF6F490FA50]\n\t(No symbol) [0x00007FF6F47CB56A]\n\t(No symbol) [0x00007FF6F481F695]\n\t(No symbol) [0x00007FF6F481F8EC]\n\t(No symbol) [0x00007FF6F486B777]\n\t(No symbol) [0x00007FF6F48471CF]\n\t(No symbol) [0x00007FF6F486851C]\n\t(No symbol) [0x00007FF6F4846F33]\n\t(No symbol) [0x00007FF6F481116F]\n\t(No symbol) [0x00007FF6F48122D1]\n\tGetHandleVerifier [0x00007FF6F4CCC96D+3378253]\n\tGetHandleVerifier [0x00007FF6F4D18497+3688311]\n\tGetHandleVerifier [0x00007FF6F4D0D1CB+3642539]\n\tGetHandleVerifier [0x00007FF6F4A5A6B6+813462]\n\t(No symbol) [0x00007FF6F491AB5F]\n\t(No symbol) [0x00007FF6F4916B74]\n\t(No symbol) [0x00007FF6F4916D10]\n\t(No symbol) [0x00007FF6F4905C1F]\n\tBaseThreadInitThunk [0x00007FFCF49E7374+20]\n\tRtlUserThreadStart [0x00007FFCF52DCC91+33]\n"}} | headers=HTTPHeaderDict({'Content-Length': '1086', 'Content-Type': 'application/json; charset=utf-8', 'cache-control': 'no-cache'})
[DEBUG][2024-10-28 12:27:30][selenium.webdriver.remote.remote_connection] Finished Request
[DEBUG][2024-10-28 12:27:30][selenium.webdriver.remote.remote_connection] POST http://localhost:52341/session/cc2932379698a4e7e72e60d247845f5e/element {'using': 'xpath', 'value': "(//a[@href='https://www.awwwards.com/Ilyaredko/'])[2]"}
[DEBUG][2024-10-28 12:27:40][urllib3.connectionpool] http://localhost:52341 "POST /session/cc2932379698a4e7e72e60d247845f5e/element HTTP/11" 404 0
[DEBUG][2024-10-28 12:27:40][selenium.webdriver.remote.remote_connection] Remote response: status=404 | data={"value":{"error":"no such element","message":"no such element: Unable to locate element: {\"method\":\"xpath\",\"selector\":\"(//a[@href='https://www.awwwards.com/Ilyaredko/'])[2]\"}\n  (Session info: chrome=130.0.6723.70)","stacktrace":"\tGetHandleVerifier [0x00007FF6F499B095+29557]\n\t(No symbol) [0x00007FF6F490FA50]\n\t(No symbol) [0x00007FF6F47CB56A]\n\t(No symbol) [0x00007FF6F481F695]\n\t(No symbol) [0x00007FF6F481F8EC]\n\t(No symbol) [0x00007FF6F486B777]\n\t(No symbol) [0x00007FF6F48471CF]\n\t(No symbol) [0x00007FF6F486851C]\n\t(No symbol) [0x00007FF6F4846F33]\n\t(No symbol) [0x00007FF6F481116F]\n\t(No symbol) [0x00007FF6F48122D1]\n\tGetHandleVerifier [0x00007FF6F4CCC96D+3378253]\n\tGetHandleVerifier [0x00007FF6F4D18497+3688311]\n\tGetHandleVerifier [0x00007FF6F4D0D1CB+3642539]\n\tGetHandleVerifier [0x00007FF6F4A5A6B6+813462]\n\t(No symbol) [0x00007FF6F491AB5F]\n\t(No symbol) [0x00007FF6F4916B74]\n\t(No symbol) [0x00007FF6F4916D10]\n\t(No symbol) [0x00007FF6F4905C1F]\n\tBaseThreadInitThunk [0x00007FFCF49E7374+20]\n\tRtlUserThreadStart [0x00007FFCF52DCC91+33]\n"}} | headers=HTTPHeaderDict({'Content-Length': '1086', 'Content-Type': 'application/json; charset=utf-8', 'cache-control': 'no-cache'})
[DEBUG][2024-10-28 12:27:40][selenium.webdriver.remote.remote_connection] Finished Request
[DEBUG][2024-10-28 12:27:40][selenium.webdriver.remote.remote_connection] POST http://localhost:52341/session/cc2932379698a4e7e72e60d247845f5e/element {'using': 'xpath', 'value': "(//a[@href='https://www.awwwards.com/Ilyaredko/'])[2]"}
[DEBUG][2024-10-28 12:27:50][urllib3.connectionpool] http://localhost:52341 "POST /session/cc2932379698a4e7e72e60d247845f5e/element HTTP/11" 404 0
[DEBUG][2024-10-28 12:27:50][selenium.webdriver.remote.remote_connection] Remote response: status=404 | data={"value":{"error":"no such element","message":"no such element: Unable to locate element: {\"method\":\"xpath\",\"selector\":\"(//a[@href='https://www.awwwards.com/Ilyaredko/'])[2]\"}\n  (Session info: chrome=130.0.6723.70)","stacktrace":"\tGetHandleVerifier [0x00007FF6F499B095+29557]\n\t(No symbol) [0x00007FF6F490FA50]\n\t(No symbol) [0x00007FF6F47CB56A]\n\t(No symbol) [0x00007FF6F481F695]\n\t(No symbol) [0x00007FF6F481F8EC]\n\t(No symbol) [0x00007FF6F486B777]\n\t(No symbol) [0x00007FF6F48471CF]\n\t(No symbol) [0x00007FF6F486851C]\n\t(No symbol) [0x00007FF6F4846F33]\n\t(No symbol) [0x00007FF6F481116F]\n\t(No symbol) [0x00007FF6F48122D1]\n\tGetHandleVerifier [0x00007FF6F4CCC96D+3378253]\n\tGetHandleVerifier [0x00007FF6F4D18497+3688311]\n\tGetHandleVerifier [0x00007FF6F4D0D1CB+3642539]\n\tGetHandleVerifier [0x00007FF6F4A5A6B6+813462]\n\t(No symbol) [0x00007FF6F491AB5F]\n\t(No symbol) [0x00007FF6F4916B74]\n\t(No symbol) [0x00007FF6F4916D10]\n\t(No symbol) [0x00007FF6F4905C1F]\n\tBaseThreadInitThunk [0x00007FFCF49E7374+20]\n\tRtlUserThreadStart [0x00007FFCF52DCC91+33]\n"}} | headers=HTTPHeaderDict({'Content-Length': '1086', 'Content-Type': 'application/json; charset=utf-8', 'cache-control': 'no-cache'})
[DEBUG][2024-10-28 12:27:50][selenium.webdriver.remote.remote_connection] Finished Request
[DEBUG][2024-10-28 12:27:50][selenium.webdriver.remote.remote_connection] POST http://localhost:52341/session/cc2932379698a4e7e72e60d247845f5e/element {'using': 'xpath', 'value': "(//a[@href='https://www.awwwards.com/Ilyaredko/'])[2]"}
[DEBUG][2024-10-28 12:28:01][urllib3.connectionpool] http://localhost:52341 "POST /session/cc2932379698a4e7e72e60d247845f5e/element HTTP/11" 404 0
[DEBUG][2024-10-28 12:28:01][selenium.webdriver.remote.remote_connection] Remote response: status=404 | data={"value":{"error":"no such element","message":"no such element: Unable to locate element: {\"method\":\"xpath\",\"selector\":\"(//a[@href='https://www.awwwards.com/Ilyaredko/'])[2]\"}\n  (Session info: chrome=130.0.6723.70)","stacktrace":"\tGetHandleVerifier [0x00007FF6F499B095+29557]\n\t(No symbol) [0x00007FF6F490FA50]\n\t(No symbol) [0x00007FF6F47CB56A]\n\t(No symbol) [0x00007FF6F481F695]\n\t(No symbol) [0x00007FF6F481F8EC]\n\t(No symbol) [0x00007FF6F486B777]\n\t(No symbol) [0x00007FF6F48471CF]\n\t(No symbol) [0x00007FF6F486851C]\n\t(No symbol) [0x00007FF6F4846F33]\n\t(No symbol) [0x00007FF6F481116F]\n\t(No symbol) [0x00007FF6F48122D1]\n\tGetHandleVerifier [0x00007FF6F4CCC96D+3378253]\n\tGetHandleVerifier [0x00007FF6F4D18497+3688311]\n\tGetHandleVerifier [0x00007FF6F4D0D1CB+3642539]\n\tGetHandleVerifier [0x00007FF6F4A5A6B6+813462]\n\t(No symbol) [0x00007FF6F491AB5F]\n\t(No symbol) [0x00007FF6F4916B74]\n\t(No symbol) [0x00007FF6F4916D10]\n\t(No symbol) [0x00007FF6F4905C1F]\n\tBaseThreadInitThunk [0x00007FFCF49E7374+20]\n\tRtlUserThreadStart [0x00007FFCF52DCC91+33]\n"}} | headers=HTTPHeaderDict({'Content-Length': '1086', 'Content-Type': 'application/json; charset=utf-8', 'cache-control': 'no-cache'})
[DEBUG][2024-10-28 12:28:01][selenium.webdriver.remote.remote_connection] Finished Request
[DEBUG][2024-10-28 12:28:01][selenium.webdriver.remote.remote_connection] DELETE http://localhost:52341/session/cc2932379698a4e7e72e60d247845f5e {}
[DEBUG][2024-10-28 12:28:01][urllib3.connectionpool] http://localhost:52341 "DELETE /session/cc2932379698a4e7e72e60d247845f5e HTTP/11" 200 0
[DEBUG][2024-10-28 12:28:01][selenium.webdriver.remote.remote_connection] Remote response: status=200 | data={"value":null} | headers=HTTPHeaderDict({'Content-Length': '14', 'Content-Type': 'application/json; charset=utf-8', 'cache-control': 'no-cache'})
[DEBUG][2024-10-28 12:28:01][selenium.webdriver.remote.remote_connection] Finished Request
[INFO][2024-10-28 12:37:34][root] Start
[DEBUG][2024-10-28 12:37:34][selenium.webdriver.common.driver_finder] Skipping Selenium Manager; path to chrome driver specified in Service class: C:\Users\Kokur\AppData\Local\miniconda3\envs\testenv2\lib\site-packages\chromedriver_py\chromedriver_win64.exe
[DEBUG][2024-10-28 12:37:34][selenium.webdriver.common.service] Started executable: `C:\Users\Kokur\AppData\Local\miniconda3\envs\testenv2\lib\site-packages\chromedriver_py\chromedriver_win64.exe` in a child process with pid: 14512 using 0 to output -3
[DEBUG][2024-10-28 12:37:34][selenium.webdriver.remote.remote_connection] POST http://localhost:52545/session {'capabilities': {'firstMatch': [{}], 'alwaysMatch': {'browserName': 'chrome', 'pageLoadStrategy': <PageLoadStrategy.normal: 'normal'>, 'goog:chromeOptions': {'extensions': [], 'args': []}}}}
[DEBUG][2024-10-28 12:37:34][urllib3.connectionpool] Starting new HTTP connection (1): localhost:52545
[DEBUG][2024-10-28 12:37:35][urllib3.connectionpool] http://localhost:52545 "POST /session HTTP/11" 200 0
[DEBUG][2024-10-28 12:37:35][selenium.webdriver.remote.remote_connection] Remote response: status=200 | data={"value":{"capabilities":{"acceptInsecureCerts":false,"browserName":"chrome","browserVersion":"130.0.6723.70","chrome":{"chromedriverVersion":"129.0.6668.100 (cf58cba358d31ce285c1970a79a9411d0fb381a5-refs/branch-heads/6668@{#1704})","userDataDir":"C:\\Users\\Kokur\\AppData\\Local\\Temp\\scoped_dir14512_1247864244"},"fedcm:accounts":true,"goog:chromeOptions":{"debuggerAddress":"localhost:52548"},"networkConnectionEnabled":false,"pageLoadStrategy":"normal","platformName":"windows","proxy":{},"setWindowRect":true,"strictFileInteractability":false,"timeouts":{"implicit":0,"pageLoad":300000,"script":30000},"unhandledPromptBehavior":"dismiss and notify","webauthn:extension:credBlob":true,"webauthn:extension:largeBlob":true,"webauthn:extension:minPinLength":true,"webauthn:extension:prf":true,"webauthn:virtualAuthenticators":true},"sessionId":"c0808d36e0c0dc35cc1e1317f71bbe9c"}} | headers=HTTPHeaderDict({'Content-Length': '883', 'Content-Type': 'application/json; charset=utf-8', 'cache-control': 'no-cache'})
[DEBUG][2024-10-28 12:37:35][selenium.webdriver.remote.remote_connection] Finished Request
[DEBUG][2024-10-28 12:37:35][selenium.webdriver.remote.remote_connection] POST http://localhost:52545/session/c0808d36e0c0dc35cc1e1317f71bbe9c/timeouts {'implicit': 10000}
[DEBUG][2024-10-28 12:37:35][urllib3.connectionpool] http://localhost:52545 "POST /session/c0808d36e0c0dc35cc1e1317f71bbe9c/timeouts HTTP/11" 200 0
[DEBUG][2024-10-28 12:37:35][selenium.webdriver.remote.remote_connection] Remote response: status=200 | data={"value":null} | headers=HTTPHeaderDict({'Content-Length': '14', 'Content-Type': 'application/json; charset=utf-8', 'cache-control': 'no-cache'})
[DEBUG][2024-10-28 12:37:35][selenium.webdriver.remote.remote_connection] Finished Request
[INFO][2024-10-28 12:37:35][root] stop
[DEBUG][2024-10-28 12:37:35][selenium.webdriver.remote.remote_connection] POST http://localhost:52545/session/c0808d36e0c0dc35cc1e1317f71bbe9c/url {'url': 'https://only.digital/'}
[DEBUG][2024-10-28 12:37:36][urllib3.connectionpool] http://localhost:52545 "POST /session/c0808d36e0c0dc35cc1e1317f71bbe9c/url HTTP/11" 200 0
[DEBUG][2024-10-28 12:37:36][selenium.webdriver.remote.remote_connection] Remote response: status=200 | data={"value":null} | headers=HTTPHeaderDict({'Content-Length': '14', 'Content-Type': 'application/json; charset=utf-8', 'cache-control': 'no-cache'})
[DEBUG][2024-10-28 12:37:36][selenium.webdriver.remote.remote_connection] Finished Request
[DEBUG][2024-10-28 12:37:36][selenium.webdriver.remote.remote_connection] POST http://localhost:52545/session/c0808d36e0c0dc35cc1e1317f71bbe9c/element {'using': 'xpath', 'value': "(//a[@href='https://www.awwwards.com/Ilyaredko/'])[2]"}
[DEBUG][2024-10-28 12:37:36][urllib3.connectionpool] http://localhost:52545 "POST /session/c0808d36e0c0dc35cc1e1317f71bbe9c/element HTTP/11" 200 0
[DEBUG][2024-10-28 12:37:36][selenium.webdriver.remote.remote_connection] Remote response: status=200 | data={"value":{"element-6066-11e4-a52e-4f735466cecf":"f.27E42E279CCA394A8F49EAA62F3CE492.d.409349172125A8C22E1F838F5D656864.e.9"}} | headers=HTTPHeaderDict({'Content-Length': '125', 'Content-Type': 'application/json; charset=utf-8', 'cache-control': 'no-cache'})
[DEBUG][2024-10-28 12:37:36][selenium.webdriver.remote.remote_connection] Finished Request
[DEBUG][2024-10-28 12:37:36][selenium.webdriver.remote.remote_connection] POST http://localhost:52545/session/c0808d36e0c0dc35cc1e1317f71bbe9c/execute/sync {'script': '/* getAttribute */return (function(){return (function(){var d=this||self;function f(a,b){function c(...', 'args': [{'element-6066-11e4-a52e-4f735466cecf': 'f.27E42E279CCA394A8F49EAA62F3CE492.d.409349172125A8C22E1F838F5D656864.e.9'}, 'href']}
[DEBUG][2024-10-28 12:37:36][urllib3.connectionpool] http://localhost:52545 "POST /session/c0808d36e0c0dc35cc1e1317f71bbe9c/execute/sync HTTP/11" 200 0
[DEBUG][2024-10-28 12:37:36][selenium.webdriver.remote.remote_connection] Remote response: status=200 | data={"value":"https://www.awwwards.com/Ilyaredko/"} | headers=HTTPHeaderDict({'Content-Length': '47', 'Content-Type': 'application/json; charset=utf-8', 'cache-control': 'no-cache'})
[DEBUG][2024-10-28 12:37:36][selenium.webdriver.remote.remote_connection] Finished Request
[DEBUG][2024-10-28 12:37:36][selenium.webdriver.remote.remote_connection] POST http://localhost:52545/session/c0808d36e0c0dc35cc1e1317f71bbe9c/url {'url': 'https://only.digital/projects'}
[DEBUG][2024-10-28 12:37:37][urllib3.connectionpool] http://localhost:52545 "POST /session/c0808d36e0c0dc35cc1e1317f71bbe9c/url HTTP/11" 200 0
[DEBUG][2024-10-28 12:37:37][selenium.webdriver.remote.remote_connection] Remote response: status=200 | data={"value":null} | headers=HTTPHeaderDict({'Content-Length': '14', 'Content-Type': 'application/json; charset=utf-8', 'cache-control': 'no-cache'})
[DEBUG][2024-10-28 12:37:37][selenium.webdriver.remote.remote_connection] Finished Request
[DEBUG][2024-10-28 12:37:37][selenium.webdriver.remote.remote_connection] POST http://localhost:52545/session/c0808d36e0c0dc35cc1e1317f71bbe9c/element {'using': 'xpath', 'value': "(//a[@href='https://www.awwwards.com/Ilyaredko/'])[2]"}
[DEBUG][2024-10-28 12:37:37][urllib3.connectionpool] http://localhost:52545 "POST /session/c0808d36e0c0dc35cc1e1317f71bbe9c/element HTTP/11" 200 0
[DEBUG][2024-10-28 12:37:37][selenium.webdriver.remote.remote_connection] Remote response: status=200 | data={"value":{"element-6066-11e4-a52e-4f735466cecf":"f.27E42E279CCA394A8F49EAA62F3CE492.d.C51085ADD0F12C71CA76D7C6E933BB23.e.14"}} | headers=HTTPHeaderDict({'Content-Length': '126', 'Content-Type': 'application/json; charset=utf-8', 'cache-control': 'no-cache'})
[DEBUG][2024-10-28 12:37:37][selenium.webdriver.remote.remote_connection] Finished Request
[DEBUG][2024-10-28 12:37:37][selenium.webdriver.remote.remote_connection] POST http://localhost:52545/session/c0808d36e0c0dc35cc1e1317f71bbe9c/execute/sync {'script': '/* getAttribute */return (function(){return (function(){var d=this||self;function f(a,b){function c(...', 'args': [{'element-6066-11e4-a52e-4f735466cecf': 'f.27E42E279CCA394A8F49EAA62F3CE492.d.C51085ADD0F12C71CA76D7C6E933BB23.e.14'}, 'href']}
[DEBUG][2024-10-28 12:37:37][urllib3.connectionpool] http://localhost:52545 "POST /session/c0808d36e0c0dc35cc1e1317f71bbe9c/execute/sync HTTP/11" 200 0
[DEBUG][2024-10-28 12:37:37][selenium.webdriver.remote.remote_connection] Remote response: status=200 | data={"value":"https://www.awwwards.com/Ilyaredko/"} | headers=HTTPHeaderDict({'Content-Length': '47', 'Content-Type': 'application/json; charset=utf-8', 'cache-control': 'no-cache'})
[DEBUG][2024-10-28 12:37:37][selenium.webdriver.remote.remote_connection] Finished Request
[DEBUG][2024-10-28 12:37:37][selenium.webdriver.remote.remote_connection] POST http://localhost:52545/session/c0808d36e0c0dc35cc1e1317f71bbe9c/url {'url': 'https://only.digital/company'}
[DEBUG][2024-10-28 12:37:37][urllib3.connectionpool] http://localhost:52545 "POST /session/c0808d36e0c0dc35cc1e1317f71bbe9c/url HTTP/11" 200 0
[DEBUG][2024-10-28 12:37:37][selenium.webdriver.remote.remote_connection] Remote response: status=200 | data={"value":null} | headers=HTTPHeaderDict({'Content-Length': '14', 'Content-Type': 'application/json; charset=utf-8', 'cache-control': 'no-cache'})
[DEBUG][2024-10-28 12:37:37][selenium.webdriver.remote.remote_connection] Finished Request
[DEBUG][2024-10-28 12:37:37][selenium.webdriver.remote.remote_connection] POST http://localhost:52545/session/c0808d36e0c0dc35cc1e1317f71bbe9c/element {'using': 'xpath', 'value': "(//a[@href='https://www.awwwards.com/Ilyaredko/'])[2]"}
[DEBUG][2024-10-28 12:37:37][urllib3.connectionpool] http://localhost:52545 "POST /session/c0808d36e0c0dc35cc1e1317f71bbe9c/element HTTP/11" 200 0
[DEBUG][2024-10-28 12:37:37][selenium.webdriver.remote.remote_connection] Remote response: status=200 | data={"value":{"element-6066-11e4-a52e-4f735466cecf":"f.27E42E279CCA394A8F49EAA62F3CE492.d.E7D6ED69AD689D765277779FC570CD61.e.22"}} | headers=HTTPHeaderDict({'Content-Length': '126', 'Content-Type': 'application/json; charset=utf-8', 'cache-control': 'no-cache'})
[DEBUG][2024-10-28 12:37:37][selenium.webdriver.remote.remote_connection] Finished Request
[DEBUG][2024-10-28 12:37:37][selenium.webdriver.remote.remote_connection] POST http://localhost:52545/session/c0808d36e0c0dc35cc1e1317f71bbe9c/execute/sync {'script': '/* getAttribute */return (function(){return (function(){var d=this||self;function f(a,b){function c(...', 'args': [{'element-6066-11e4-a52e-4f735466cecf': 'f.27E42E279CCA394A8F49EAA62F3CE492.d.E7D6ED69AD689D765277779FC570CD61.e.22'}, 'href']}
[DEBUG][2024-10-28 12:37:37][urllib3.connectionpool] http://localhost:52545 "POST /session/c0808d36e0c0dc35cc1e1317f71bbe9c/execute/sync HTTP/11" 200 0
[DEBUG][2024-10-28 12:37:37][selenium.webdriver.remote.remote_connection] Remote response: status=200 | data={"value":"https://www.awwwards.com/Ilyaredko/"} | headers=HTTPHeaderDict({'Content-Length': '47', 'Content-Type': 'application/json; charset=utf-8', 'cache-control': 'no-cache'})
[DEBUG][2024-10-28 12:37:37][selenium.webdriver.remote.remote_connection] Finished Request
[DEBUG][2024-10-28 12:37:37][selenium.webdriver.remote.remote_connection] POST http://localhost:52545/session/c0808d36e0c0dc35cc1e1317f71bbe9c/url {'url': 'https://only.digital/job'}
[DEBUG][2024-10-28 12:37:38][urllib3.connectionpool] http://localhost:52545 "POST /session/c0808d36e0c0dc35cc1e1317f71bbe9c/url HTTP/11" 200 0
[DEBUG][2024-10-28 12:37:38][selenium.webdriver.remote.remote_connection] Remote response: status=200 | data={"value":null} | headers=HTTPHeaderDict({'Content-Length': '14', 'Content-Type': 'application/json; charset=utf-8', 'cache-control': 'no-cache'})
[DEBUG][2024-10-28 12:37:38][selenium.webdriver.remote.remote_connection] Finished Request
[DEBUG][2024-10-28 12:37:38][selenium.webdriver.remote.remote_connection] POST http://localhost:52545/session/c0808d36e0c0dc35cc1e1317f71bbe9c/element {'using': 'xpath', 'value': "(//a[@href='https://www.awwwards.com/Ilyaredko/'])[2]"}
[DEBUG][2024-10-28 12:37:38][urllib3.connectionpool] http://localhost:52545 "POST /session/c0808d36e0c0dc35cc1e1317f71bbe9c/element HTTP/11" 200 0
[DEBUG][2024-10-28 12:37:38][selenium.webdriver.remote.remote_connection] Remote response: status=200 | data={"value":{"element-6066-11e4-a52e-4f735466cecf":"f.27E42E279CCA394A8F49EAA62F3CE492.d.231654EC36E032F515CCC25CC28D2D02.e.41"}} | headers=HTTPHeaderDict({'Content-Length': '126', 'Content-Type': 'application/json; charset=utf-8', 'cache-control': 'no-cache'})
[DEBUG][2024-10-28 12:37:38][selenium.webdriver.remote.remote_connection] Finished Request
[DEBUG][2024-10-28 12:37:38][selenium.webdriver.remote.remote_connection] POST http://localhost:52545/session/c0808d36e0c0dc35cc1e1317f71bbe9c/execute/sync {'script': '/* getAttribute */return (function(){return (function(){var d=this||self;function f(a,b){function c(...', 'args': [{'element-6066-11e4-a52e-4f735466cecf': 'f.27E42E279CCA394A8F49EAA62F3CE492.d.231654EC36E032F515CCC25CC28D2D02.e.41'}, 'href']}
[DEBUG][2024-10-28 12:37:38][urllib3.connectionpool] http://localhost:52545 "POST /session/c0808d36e0c0dc35cc1e1317f71bbe9c/execute/sync HTTP/11" 200 0
[DEBUG][2024-10-28 12:37:38][selenium.webdriver.remote.remote_connection] Remote response: status=200 | data={"value":"https://www.awwwards.com/Ilyaredko/"} | headers=HTTPHeaderDict({'Content-Length': '47', 'Content-Type': 'application/json; charset=utf-8', 'cache-control': 'no-cache'})
[DEBUG][2024-10-28 12:37:38][selenium.webdriver.remote.remote_connection] Finished Request
[DEBUG][2024-10-28 12:37:38][selenium.webdriver.remote.remote_connection] DELETE http://localhost:52545/session/c0808d36e0c0dc35cc1e1317f71bbe9c {}
[DEBUG][2024-10-28 12:37:38][urllib3.connectionpool] http://localhost:52545 "DELETE /session/c0808d36e0c0dc35cc1e1317f71bbe9c HTTP/11" 200 0
[DEBUG][2024-10-28 12:37:38][selenium.webdriver.remote.remote_connection] Remote response: status=200 | data={"value":null} | headers=HTTPHeaderDict({'Content-Length': '14', 'Content-Type': 'application/json; charset=utf-8', 'cache-control': 'no-cache'})
[DEBUG][2024-10-28 12:37:38][selenium.webdriver.remote.remote_connection] Finished Request
[INFO][2024-10-28 12:49:38][root] Start
[DEBUG][2024-10-28 12:49:38][selenium.webdriver.common.driver_finder] Skipping Selenium Manager; path to chrome driver specified in Service class: C:\Users\Kokur\AppData\Local\miniconda3\envs\testenv2\lib\site-packages\chromedriver_py\chromedriver_win64.exe
[DEBUG][2024-10-28 12:49:38][selenium.webdriver.common.service] Started executable: `C:\Users\Kokur\AppData\Local\miniconda3\envs\testenv2\lib\site-packages\chromedriver_py\chromedriver_win64.exe` in a child process with pid: 20924 using 0 to output -3
[DEBUG][2024-10-28 12:49:38][selenium.webdriver.remote.remote_connection] POST http://localhost:52739/session {'capabilities': {'firstMatch': [{}], 'alwaysMatch': {'browserName': 'chrome', 'pageLoadStrategy': <PageLoadStrategy.normal: 'normal'>, 'goog:chromeOptions': {'extensions': [], 'args': []}}}}
[DEBUG][2024-10-28 12:49:38][urllib3.connectionpool] Starting new HTTP connection (1): localhost:52739
[DEBUG][2024-10-28 12:49:39][urllib3.connectionpool] http://localhost:52739 "POST /session HTTP/11" 200 0
[DEBUG][2024-10-28 12:49:39][selenium.webdriver.remote.remote_connection] Remote response: status=200 | data={"value":{"capabilities":{"acceptInsecureCerts":false,"browserName":"chrome","browserVersion":"130.0.6723.70","chrome":{"chromedriverVersion":"129.0.6668.100 (cf58cba358d31ce285c1970a79a9411d0fb381a5-refs/branch-heads/6668@{#1704})","userDataDir":"C:\\Users\\Kokur\\AppData\\Local\\Temp\\scoped_dir20924_801932142"},"fedcm:accounts":true,"goog:chromeOptions":{"debuggerAddress":"localhost:52742"},"networkConnectionEnabled":false,"pageLoadStrategy":"normal","platformName":"windows","proxy":{},"setWindowRect":true,"strictFileInteractability":false,"timeouts":{"implicit":0,"pageLoad":300000,"script":30000},"unhandledPromptBehavior":"dismiss and notify","webauthn:extension:credBlob":true,"webauthn:extension:largeBlob":true,"webauthn:extension:minPinLength":true,"webauthn:extension:prf":true,"webauthn:virtualAuthenticators":true},"sessionId":"fc5b6cf1ffe5dd9f62551a174f43665d"}} | headers=HTTPHeaderDict({'Content-Length': '882', 'Content-Type': 'application/json; charset=utf-8', 'cache-control': 'no-cache'})
[DEBUG][2024-10-28 12:49:39][selenium.webdriver.remote.remote_connection] Finished Request
[DEBUG][2024-10-28 12:49:39][selenium.webdriver.remote.remote_connection] POST http://localhost:52739/session/fc5b6cf1ffe5dd9f62551a174f43665d/timeouts {'implicit': 10000}
[DEBUG][2024-10-28 12:49:39][urllib3.connectionpool] http://localhost:52739 "POST /session/fc5b6cf1ffe5dd9f62551a174f43665d/timeouts HTTP/11" 200 0
[DEBUG][2024-10-28 12:49:39][selenium.webdriver.remote.remote_connection] Remote response: status=200 | data={"value":null} | headers=HTTPHeaderDict({'Content-Length': '14', 'Content-Type': 'application/json; charset=utf-8', 'cache-control': 'no-cache'})
[DEBUG][2024-10-28 12:49:39][selenium.webdriver.remote.remote_connection] Finished Request
[INFO][2024-10-28 12:49:39][root] stop
[DEBUG][2024-10-28 12:49:39][selenium.webdriver.remote.remote_connection] POST http://localhost:52739/session/fc5b6cf1ffe5dd9f62551a174f43665d/url {'url': 'https://only.digital/'}
[DEBUG][2024-10-28 12:49:40][urllib3.connectionpool] http://localhost:52739 "POST /session/fc5b6cf1ffe5dd9f62551a174f43665d/url HTTP/11" 200 0
[DEBUG][2024-10-28 12:49:40][selenium.webdriver.remote.remote_connection] Remote response: status=200 | data={"value":null} | headers=HTTPHeaderDict({'Content-Length': '14', 'Content-Type': 'application/json; charset=utf-8', 'cache-control': 'no-cache'})
[DEBUG][2024-10-28 12:49:40][selenium.webdriver.remote.remote_connection] Finished Request
[DEBUG][2024-10-28 12:49:40][selenium.webdriver.remote.remote_connection] POST http://localhost:52739/session/fc5b6cf1ffe5dd9f62551a174f43665d/element {'using': 'xpath', 'value': "(//a[@href='https://www.awwwards.com/Ilyaredko/'])[2]"}
[DEBUG][2024-10-28 12:49:40][urllib3.connectionpool] http://localhost:52739 "POST /session/fc5b6cf1ffe5dd9f62551a174f43665d/element HTTP/11" 200 0
[DEBUG][2024-10-28 12:49:40][selenium.webdriver.remote.remote_connection] Remote response: status=200 | data={"value":{"element-6066-11e4-a52e-4f735466cecf":"f.D9B970A5C4DB2CB7BF5F920DDB60194D.d.7A09BBFABA211C7FBD273F66252ED8AB.e.11"}} | headers=HTTPHeaderDict({'Content-Length': '126', 'Content-Type': 'application/json; charset=utf-8', 'cache-control': 'no-cache'})
[DEBUG][2024-10-28 12:49:40][selenium.webdriver.remote.remote_connection] Finished Request
[DEBUG][2024-10-28 12:49:40][selenium.webdriver.remote.remote_connection] POST http://localhost:52739/session/fc5b6cf1ffe5dd9f62551a174f43665d/execute/sync {'script': '/* getAttribute */return (function(){return (function(){var d=this||self;function f(a,b){function c(...', 'args': [{'element-6066-11e4-a52e-4f735466cecf': 'f.D9B970A5C4DB2CB7BF5F920DDB60194D.d.7A09BBFABA211C7FBD273F66252ED8AB.e.11'}, 'href']}
[DEBUG][2024-10-28 12:49:40][urllib3.connectionpool] http://localhost:52739 "POST /session/fc5b6cf1ffe5dd9f62551a174f43665d/execute/sync HTTP/11" 200 0
[DEBUG][2024-10-28 12:49:40][selenium.webdriver.remote.remote_connection] Remote response: status=200 | data={"value":"https://www.awwwards.com/Ilyaredko/"} | headers=HTTPHeaderDict({'Content-Length': '47', 'Content-Type': 'application/json; charset=utf-8', 'cache-control': 'no-cache'})
[DEBUG][2024-10-28 12:49:40][selenium.webdriver.remote.remote_connection] Finished Request
[DEBUG][2024-10-28 12:49:40][selenium.webdriver.remote.remote_connection] POST http://localhost:52739/session/fc5b6cf1ffe5dd9f62551a174f43665d/element {'using': 'xpath', 'value': "(//a[@href='https://vk.com/onlydigitalagency'])[2]"}
[DEBUG][2024-10-28 12:49:40][urllib3.connectionpool] http://localhost:52739 "POST /session/fc5b6cf1ffe5dd9f62551a174f43665d/element HTTP/11" 200 0
[DEBUG][2024-10-28 12:49:40][selenium.webdriver.remote.remote_connection] Remote response: status=200 | data={"value":{"element-6066-11e4-a52e-4f735466cecf":"f.D9B970A5C4DB2CB7BF5F920DDB60194D.d.7A09BBFABA211C7FBD273F66252ED8AB.e.12"}} | headers=HTTPHeaderDict({'Content-Length': '126', 'Content-Type': 'application/json; charset=utf-8', 'cache-control': 'no-cache'})
[DEBUG][2024-10-28 12:49:40][selenium.webdriver.remote.remote_connection] Finished Request
[DEBUG][2024-10-28 12:49:40][selenium.webdriver.remote.remote_connection] POST http://localhost:52739/session/fc5b6cf1ffe5dd9f62551a174f43665d/execute/sync {'script': '/* getAttribute */return (function(){return (function(){var d=this||self;function f(a,b){function c(...', 'args': [{'element-6066-11e4-a52e-4f735466cecf': 'f.D9B970A5C4DB2CB7BF5F920DDB60194D.d.7A09BBFABA211C7FBD273F66252ED8AB.e.12'}, 'href']}
[DEBUG][2024-10-28 12:49:40][urllib3.connectionpool] http://localhost:52739 "POST /session/fc5b6cf1ffe5dd9f62551a174f43665d/execute/sync HTTP/11" 200 0
[DEBUG][2024-10-28 12:49:40][selenium.webdriver.remote.remote_connection] Remote response: status=200 | data={"value":"https://vk.com/onlydigitalagency"} | headers=HTTPHeaderDict({'Content-Length': '44', 'Content-Type': 'application/json; charset=utf-8', 'cache-control': 'no-cache'})
[DEBUG][2024-10-28 12:49:40][selenium.webdriver.remote.remote_connection] Finished Request
[DEBUG][2024-10-28 12:49:40][selenium.webdriver.remote.remote_connection] POST http://localhost:52739/session/fc5b6cf1ffe5dd9f62551a174f43665d/element {'using': 'xpath', 'value': "(//a[@href='https://t.me/onlycreativedigitalagency'])[2]"}
[DEBUG][2024-10-28 12:49:40][urllib3.connectionpool] http://localhost:52739 "POST /session/fc5b6cf1ffe5dd9f62551a174f43665d/element HTTP/11" 200 0
[DEBUG][2024-10-28 12:49:40][selenium.webdriver.remote.remote_connection] Remote response: status=200 | data={"value":{"element-6066-11e4-a52e-4f735466cecf":"f.D9B970A5C4DB2CB7BF5F920DDB60194D.d.7A09BBFABA211C7FBD273F66252ED8AB.e.13"}} | headers=HTTPHeaderDict({'Content-Length': '126', 'Content-Type': 'application/json; charset=utf-8', 'cache-control': 'no-cache'})
[DEBUG][2024-10-28 12:49:40][selenium.webdriver.remote.remote_connection] Finished Request
[DEBUG][2024-10-28 12:49:40][selenium.webdriver.remote.remote_connection] POST http://localhost:52739/session/fc5b6cf1ffe5dd9f62551a174f43665d/execute/sync {'script': '/* getAttribute */return (function(){return (function(){var d=this||self;function f(a,b){function c(...', 'args': [{'element-6066-11e4-a52e-4f735466cecf': 'f.D9B970A5C4DB2CB7BF5F920DDB60194D.d.7A09BBFABA211C7FBD273F66252ED8AB.e.13'}, 'href']}
[DEBUG][2024-10-28 12:49:40][urllib3.connectionpool] http://localhost:52739 "POST /session/fc5b6cf1ffe5dd9f62551a174f43665d/execute/sync HTTP/11" 200 0
[DEBUG][2024-10-28 12:49:40][selenium.webdriver.remote.remote_connection] Remote response: status=200 | data={"value":"https://t.me/onlycreativedigitalagency"} | headers=HTTPHeaderDict({'Content-Length': '50', 'Content-Type': 'application/json; charset=utf-8', 'cache-control': 'no-cache'})
[DEBUG][2024-10-28 12:49:40][selenium.webdriver.remote.remote_connection] Finished Request
[DEBUG][2024-10-28 12:49:40][selenium.webdriver.remote.remote_connection] POST http://localhost:52739/session/fc5b6cf1ffe5dd9f62551a174f43665d/element {'using': 'xpath', 'value': "(//a[@href='https://vimeo.com/onlydigital'])[2]"}
[DEBUG][2024-10-28 12:49:40][urllib3.connectionpool] http://localhost:52739 "POST /session/fc5b6cf1ffe5dd9f62551a174f43665d/element HTTP/11" 200 0
[DEBUG][2024-10-28 12:49:40][selenium.webdriver.remote.remote_connection] Remote response: status=200 | data={"value":{"element-6066-11e4-a52e-4f735466cecf":"f.D9B970A5C4DB2CB7BF5F920DDB60194D.d.7A09BBFABA211C7FBD273F66252ED8AB.e.14"}} | headers=HTTPHeaderDict({'Content-Length': '126', 'Content-Type': 'application/json; charset=utf-8', 'cache-control': 'no-cache'})
[DEBUG][2024-10-28 12:49:40][selenium.webdriver.remote.remote_connection] Finished Request
[DEBUG][2024-10-28 12:49:40][selenium.webdriver.remote.remote_connection] POST http://localhost:52739/session/fc5b6cf1ffe5dd9f62551a174f43665d/execute/sync {'script': '/* getAttribute */return (function(){return (function(){var d=this||self;function f(a,b){function c(...', 'args': [{'element-6066-11e4-a52e-4f735466cecf': 'f.D9B970A5C4DB2CB7BF5F920DDB60194D.d.7A09BBFABA211C7FBD273F66252ED8AB.e.14'}, 'href']}
[DEBUG][2024-10-28 12:49:40][urllib3.connectionpool] http://localhost:52739 "POST /session/fc5b6cf1ffe5dd9f62551a174f43665d/execute/sync HTTP/11" 200 0
[DEBUG][2024-10-28 12:49:40][selenium.webdriver.remote.remote_connection] Remote response: status=200 | data={"value":"https://vimeo.com/onlydigital"} | headers=HTTPHeaderDict({'Content-Length': '41', 'Content-Type': 'application/json; charset=utf-8', 'cache-control': 'no-cache'})
[DEBUG][2024-10-28 12:49:40][selenium.webdriver.remote.remote_connection] Finished Request
[DEBUG][2024-10-28 12:49:40][selenium.webdriver.remote.remote_connection] POST http://localhost:52739/session/fc5b6cf1ffe5dd9f62551a174f43665d/element {'using': 'xpath', 'value': "(//a[@href='https://www.behance.net/onlydigitalagency'])[2]"}
[DEBUG][2024-10-28 12:49:40][urllib3.connectionpool] http://localhost:52739 "POST /session/fc5b6cf1ffe5dd9f62551a174f43665d/element HTTP/11" 200 0
[DEBUG][2024-10-28 12:49:40][selenium.webdriver.remote.remote_connection] Remote response: status=200 | data={"value":{"element-6066-11e4-a52e-4f735466cecf":"f.D9B970A5C4DB2CB7BF5F920DDB60194D.d.7A09BBFABA211C7FBD273F66252ED8AB.e.15"}} | headers=HTTPHeaderDict({'Content-Length': '126', 'Content-Type': 'application/json; charset=utf-8', 'cache-control': 'no-cache'})
[DEBUG][2024-10-28 12:49:40][selenium.webdriver.remote.remote_connection] Finished Request
[DEBUG][2024-10-28 12:49:40][selenium.webdriver.remote.remote_connection] POST http://localhost:52739/session/fc5b6cf1ffe5dd9f62551a174f43665d/execute/sync {'script': '/* getAttribute */return (function(){return (function(){var d=this||self;function f(a,b){function c(...', 'args': [{'element-6066-11e4-a52e-4f735466cecf': 'f.D9B970A5C4DB2CB7BF5F920DDB60194D.d.7A09BBFABA211C7FBD273F66252ED8AB.e.15'}, 'href']}
[DEBUG][2024-10-28 12:49:40][urllib3.connectionpool] http://localhost:52739 "POST /session/fc5b6cf1ffe5dd9f62551a174f43665d/execute/sync HTTP/11" 200 0
[DEBUG][2024-10-28 12:49:40][selenium.webdriver.remote.remote_connection] Remote response: status=200 | data={"value":"https://www.behance.net/onlydigitalagency"} | headers=HTTPHeaderDict({'Content-Length': '53', 'Content-Type': 'application/json; charset=utf-8', 'cache-control': 'no-cache'})
[DEBUG][2024-10-28 12:49:40][selenium.webdriver.remote.remote_connection] Finished Request
[DEBUG][2024-10-28 12:49:40][selenium.webdriver.remote.remote_connection] POST http://localhost:52739/session/fc5b6cf1ffe5dd9f62551a174f43665d/url {'url': 'https://only.digital/projects'}
[DEBUG][2024-10-28 12:49:41][urllib3.connectionpool] http://localhost:52739 "POST /session/fc5b6cf1ffe5dd9f62551a174f43665d/url HTTP/11" 200 0
[DEBUG][2024-10-28 12:49:41][selenium.webdriver.remote.remote_connection] Remote response: status=200 | data={"value":null} | headers=HTTPHeaderDict({'Content-Length': '14', 'Content-Type': 'application/json; charset=utf-8', 'cache-control': 'no-cache'})
[DEBUG][2024-10-28 12:49:41][selenium.webdriver.remote.remote_connection] Finished Request
[DEBUG][2024-10-28 12:49:41][selenium.webdriver.remote.remote_connection] POST http://localhost:52739/session/fc5b6cf1ffe5dd9f62551a174f43665d/element {'using': 'xpath', 'value': "(//a[@href='https://www.awwwards.com/Ilyaredko/'])[2]"}
[DEBUG][2024-10-28 12:49:41][urllib3.connectionpool] http://localhost:52739 "POST /session/fc5b6cf1ffe5dd9f62551a174f43665d/element HTTP/11" 200 0
[DEBUG][2024-10-28 12:49:41][selenium.webdriver.remote.remote_connection] Remote response: status=200 | data={"value":{"element-6066-11e4-a52e-4f735466cecf":"f.D9B970A5C4DB2CB7BF5F920DDB60194D.d.2E19D22A145A61567EFCF0321B918BCA.e.21"}} | headers=HTTPHeaderDict({'Content-Length': '126', 'Content-Type': 'application/json; charset=utf-8', 'cache-control': 'no-cache'})
[DEBUG][2024-10-28 12:49:41][selenium.webdriver.remote.remote_connection] Finished Request
[DEBUG][2024-10-28 12:49:41][selenium.webdriver.remote.remote_connection] POST http://localhost:52739/session/fc5b6cf1ffe5dd9f62551a174f43665d/execute/sync {'script': '/* getAttribute */return (function(){return (function(){var d=this||self;function f(a,b){function c(...', 'args': [{'element-6066-11e4-a52e-4f735466cecf': 'f.D9B970A5C4DB2CB7BF5F920DDB60194D.d.2E19D22A145A61567EFCF0321B918BCA.e.21'}, 'href']}
[DEBUG][2024-10-28 12:49:41][urllib3.connectionpool] http://localhost:52739 "POST /session/fc5b6cf1ffe5dd9f62551a174f43665d/execute/sync HTTP/11" 200 0
[DEBUG][2024-10-28 12:49:41][selenium.webdriver.remote.remote_connection] Remote response: status=200 | data={"value":"https://www.awwwards.com/Ilyaredko/"} | headers=HTTPHeaderDict({'Content-Length': '47', 'Content-Type': 'application/json; charset=utf-8', 'cache-control': 'no-cache'})
[DEBUG][2024-10-28 12:49:41][selenium.webdriver.remote.remote_connection] Finished Request
[DEBUG][2024-10-28 12:49:41][selenium.webdriver.remote.remote_connection] POST http://localhost:52739/session/fc5b6cf1ffe5dd9f62551a174f43665d/element {'using': 'xpath', 'value': "(//a[@href='https://vk.com/onlydigitalagency'])[2]"}
[DEBUG][2024-10-28 12:49:41][urllib3.connectionpool] http://localhost:52739 "POST /session/fc5b6cf1ffe5dd9f62551a174f43665d/element HTTP/11" 200 0
[DEBUG][2024-10-28 12:49:41][selenium.webdriver.remote.remote_connection] Remote response: status=200 | data={"value":{"element-6066-11e4-a52e-4f735466cecf":"f.D9B970A5C4DB2CB7BF5F920DDB60194D.d.2E19D22A145A61567EFCF0321B918BCA.e.22"}} | headers=HTTPHeaderDict({'Content-Length': '126', 'Content-Type': 'application/json; charset=utf-8', 'cache-control': 'no-cache'})
[DEBUG][2024-10-28 12:49:41][selenium.webdriver.remote.remote_connection] Finished Request
[DEBUG][2024-10-28 12:49:41][selenium.webdriver.remote.remote_connection] POST http://localhost:52739/session/fc5b6cf1ffe5dd9f62551a174f43665d/execute/sync {'script': '/* getAttribute */return (function(){return (function(){var d=this||self;function f(a,b){function c(...', 'args': [{'element-6066-11e4-a52e-4f735466cecf': 'f.D9B970A5C4DB2CB7BF5F920DDB60194D.d.2E19D22A145A61567EFCF0321B918BCA.e.22'}, 'href']}
[DEBUG][2024-10-28 12:49:41][urllib3.connectionpool] http://localhost:52739 "POST /session/fc5b6cf1ffe5dd9f62551a174f43665d/execute/sync HTTP/11" 200 0
[DEBUG][2024-10-28 12:49:41][selenium.webdriver.remote.remote_connection] Remote response: status=200 | data={"value":"https://vk.com/onlydigitalagency"} | headers=HTTPHeaderDict({'Content-Length': '44', 'Content-Type': 'application/json; charset=utf-8', 'cache-control': 'no-cache'})
[DEBUG][2024-10-28 12:49:41][selenium.webdriver.remote.remote_connection] Finished Request
[DEBUG][2024-10-28 12:49:41][selenium.webdriver.remote.remote_connection] POST http://localhost:52739/session/fc5b6cf1ffe5dd9f62551a174f43665d/element {'using': 'xpath', 'value': "(//a[@href='https://t.me/onlycreativedigitalagency'])[2]"}
[DEBUG][2024-10-28 12:49:41][urllib3.connectionpool] http://localhost:52739 "POST /session/fc5b6cf1ffe5dd9f62551a174f43665d/element HTTP/11" 200 0
[DEBUG][2024-10-28 12:49:41][selenium.webdriver.remote.remote_connection] Remote response: status=200 | data={"value":{"element-6066-11e4-a52e-4f735466cecf":"f.D9B970A5C4DB2CB7BF5F920DDB60194D.d.2E19D22A145A61567EFCF0321B918BCA.e.23"}} | headers=HTTPHeaderDict({'Content-Length': '126', 'Content-Type': 'application/json; charset=utf-8', 'cache-control': 'no-cache'})
[DEBUG][2024-10-28 12:49:41][selenium.webdriver.remote.remote_connection] Finished Request
[DEBUG][2024-10-28 12:49:41][selenium.webdriver.remote.remote_connection] POST http://localhost:52739/session/fc5b6cf1ffe5dd9f62551a174f43665d/execute/sync {'script': '/* getAttribute */return (function(){return (function(){var d=this||self;function f(a,b){function c(...', 'args': [{'element-6066-11e4-a52e-4f735466cecf': 'f.D9B970A5C4DB2CB7BF5F920DDB60194D.d.2E19D22A145A61567EFCF0321B918BCA.e.23'}, 'href']}
[DEBUG][2024-10-28 12:49:41][urllib3.connectionpool] http://localhost:52739 "POST /session/fc5b6cf1ffe5dd9f62551a174f43665d/execute/sync HTTP/11" 200 0
[DEBUG][2024-10-28 12:49:41][selenium.webdriver.remote.remote_connection] Remote response: status=200 | data={"value":"https://t.me/onlycreativedigitalagency"} | headers=HTTPHeaderDict({'Content-Length': '50', 'Content-Type': 'application/json; charset=utf-8', 'cache-control': 'no-cache'})
[DEBUG][2024-10-28 12:49:41][selenium.webdriver.remote.remote_connection] Finished Request
[DEBUG][2024-10-28 12:49:41][selenium.webdriver.remote.remote_connection] POST http://localhost:52739/session/fc5b6cf1ffe5dd9f62551a174f43665d/element {'using': 'xpath', 'value': "(//a[@href='https://vimeo.com/onlydigital'])[2]"}
[DEBUG][2024-10-28 12:49:41][urllib3.connectionpool] http://localhost:52739 "POST /session/fc5b6cf1ffe5dd9f62551a174f43665d/element HTTP/11" 200 0
[DEBUG][2024-10-28 12:49:41][selenium.webdriver.remote.remote_connection] Remote response: status=200 | data={"value":{"element-6066-11e4-a52e-4f735466cecf":"f.D9B970A5C4DB2CB7BF5F920DDB60194D.d.2E19D22A145A61567EFCF0321B918BCA.e.24"}} | headers=HTTPHeaderDict({'Content-Length': '126', 'Content-Type': 'application/json; charset=utf-8', 'cache-control': 'no-cache'})
[DEBUG][2024-10-28 12:49:41][selenium.webdriver.remote.remote_connection] Finished Request
[DEBUG][2024-10-28 12:49:41][selenium.webdriver.remote.remote_connection] POST http://localhost:52739/session/fc5b6cf1ffe5dd9f62551a174f43665d/execute/sync {'script': '/* getAttribute */return (function(){return (function(){var d=this||self;function f(a,b){function c(...', 'args': [{'element-6066-11e4-a52e-4f735466cecf': 'f.D9B970A5C4DB2CB7BF5F920DDB60194D.d.2E19D22A145A61567EFCF0321B918BCA.e.24'}, 'href']}
[DEBUG][2024-10-28 12:49:41][urllib3.connectionpool] http://localhost:52739 "POST /session/fc5b6cf1ffe5dd9f62551a174f43665d/execute/sync HTTP/11" 200 0
[DEBUG][2024-10-28 12:49:41][selenium.webdriver.remote.remote_connection] Remote response: status=200 | data={"value":"https://vimeo.com/onlydigital"} | headers=HTTPHeaderDict({'Content-Length': '41', 'Content-Type': 'application/json; charset=utf-8', 'cache-control': 'no-cache'})
[DEBUG][2024-10-28 12:49:41][selenium.webdriver.remote.remote_connection] Finished Request
[DEBUG][2024-10-28 12:49:41][selenium.webdriver.remote.remote_connection] POST http://localhost:52739/session/fc5b6cf1ffe5dd9f62551a174f43665d/element {'using': 'xpath', 'value': "(//a[@href='https://www.behance.net/onlydigitalagency'])[2]"}
[DEBUG][2024-10-28 12:49:41][urllib3.connectionpool] http://localhost:52739 "POST /session/fc5b6cf1ffe5dd9f62551a174f43665d/element HTTP/11" 200 0
[DEBUG][2024-10-28 12:49:41][selenium.webdriver.remote.remote_connection] Remote response: status=200 | data={"value":{"element-6066-11e4-a52e-4f735466cecf":"f.D9B970A5C4DB2CB7BF5F920DDB60194D.d.2E19D22A145A61567EFCF0321B918BCA.e.25"}} | headers=HTTPHeaderDict({'Content-Length': '126', 'Content-Type': 'application/json; charset=utf-8', 'cache-control': 'no-cache'})
[DEBUG][2024-10-28 12:49:41][selenium.webdriver.remote.remote_connection] Finished Request
[DEBUG][2024-10-28 12:49:41][selenium.webdriver.remote.remote_connection] POST http://localhost:52739/session/fc5b6cf1ffe5dd9f62551a174f43665d/execute/sync {'script': '/* getAttribute */return (function(){return (function(){var d=this||self;function f(a,b){function c(...', 'args': [{'element-6066-11e4-a52e-4f735466cecf': 'f.D9B970A5C4DB2CB7BF5F920DDB60194D.d.2E19D22A145A61567EFCF0321B918BCA.e.25'}, 'href']}
[DEBUG][2024-10-28 12:49:41][urllib3.connectionpool] http://localhost:52739 "POST /session/fc5b6cf1ffe5dd9f62551a174f43665d/execute/sync HTTP/11" 200 0
[DEBUG][2024-10-28 12:49:41][selenium.webdriver.remote.remote_connection] Remote response: status=200 | data={"value":"https://www.behance.net/onlydigitalagency"} | headers=HTTPHeaderDict({'Content-Length': '53', 'Content-Type': 'application/json; charset=utf-8', 'cache-control': 'no-cache'})
[DEBUG][2024-10-28 12:49:41][selenium.webdriver.remote.remote_connection] Finished Request
[DEBUG][2024-10-28 12:49:41][selenium.webdriver.remote.remote_connection] POST http://localhost:52739/session/fc5b6cf1ffe5dd9f62551a174f43665d/url {'url': 'https://only.digital/company'}
[DEBUG][2024-10-28 12:49:41][urllib3.connectionpool] http://localhost:52739 "POST /session/fc5b6cf1ffe5dd9f62551a174f43665d/url HTTP/11" 200 0
[DEBUG][2024-10-28 12:49:41][selenium.webdriver.remote.remote_connection] Remote response: status=200 | data={"value":null} | headers=HTTPHeaderDict({'Content-Length': '14', 'Content-Type': 'application/json; charset=utf-8', 'cache-control': 'no-cache'})
[DEBUG][2024-10-28 12:49:41][selenium.webdriver.remote.remote_connection] Finished Request
[DEBUG][2024-10-28 12:49:41][selenium.webdriver.remote.remote_connection] POST http://localhost:52739/session/fc5b6cf1ffe5dd9f62551a174f43665d/element {'using': 'xpath', 'value': "(//a[@href='https://www.awwwards.com/Ilyaredko/'])[2]"}
[DEBUG][2024-10-28 12:49:41][urllib3.connectionpool] http://localhost:52739 "POST /session/fc5b6cf1ffe5dd9f62551a174f43665d/element HTTP/11" 200 0
[DEBUG][2024-10-28 12:49:41][selenium.webdriver.remote.remote_connection] Remote response: status=200 | data={"value":{"element-6066-11e4-a52e-4f735466cecf":"f.D9B970A5C4DB2CB7BF5F920DDB60194D.d.533F8EB43CE02439070924B153EA553C.e.33"}} | headers=HTTPHeaderDict({'Content-Length': '126', 'Content-Type': 'application/json; charset=utf-8', 'cache-control': 'no-cache'})
[DEBUG][2024-10-28 12:49:41][selenium.webdriver.remote.remote_connection] Finished Request
[DEBUG][2024-10-28 12:49:41][selenium.webdriver.remote.remote_connection] POST http://localhost:52739/session/fc5b6cf1ffe5dd9f62551a174f43665d/execute/sync {'script': '/* getAttribute */return (function(){return (function(){var d=this||self;function f(a,b){function c(...', 'args': [{'element-6066-11e4-a52e-4f735466cecf': 'f.D9B970A5C4DB2CB7BF5F920DDB60194D.d.533F8EB43CE02439070924B153EA553C.e.33'}, 'href']}
[DEBUG][2024-10-28 12:49:41][urllib3.connectionpool] http://localhost:52739 "POST /session/fc5b6cf1ffe5dd9f62551a174f43665d/execute/sync HTTP/11" 200 0
[DEBUG][2024-10-28 12:49:41][selenium.webdriver.remote.remote_connection] Remote response: status=200 | data={"value":"https://www.awwwards.com/Ilyaredko/"} | headers=HTTPHeaderDict({'Content-Length': '47', 'Content-Type': 'application/json; charset=utf-8', 'cache-control': 'no-cache'})
[DEBUG][2024-10-28 12:49:41][selenium.webdriver.remote.remote_connection] Finished Request
[DEBUG][2024-10-28 12:49:41][selenium.webdriver.remote.remote_connection] POST http://localhost:52739/session/fc5b6cf1ffe5dd9f62551a174f43665d/element {'using': 'xpath', 'value': "(//a[@href='https://vk.com/onlydigitalagency'])[2]"}
[DEBUG][2024-10-28 12:49:41][urllib3.connectionpool] http://localhost:52739 "POST /session/fc5b6cf1ffe5dd9f62551a174f43665d/element HTTP/11" 200 0
[DEBUG][2024-10-28 12:49:41][selenium.webdriver.remote.remote_connection] Remote response: status=200 | data={"value":{"element-6066-11e4-a52e-4f735466cecf":"f.D9B970A5C4DB2CB7BF5F920DDB60194D.d.533F8EB43CE02439070924B153EA553C.e.34"}} | headers=HTTPHeaderDict({'Content-Length': '126', 'Content-Type': 'application/json; charset=utf-8', 'cache-control': 'no-cache'})
[DEBUG][2024-10-28 12:49:41][selenium.webdriver.remote.remote_connection] Finished Request
[DEBUG][2024-10-28 12:49:41][selenium.webdriver.remote.remote_connection] POST http://localhost:52739/session/fc5b6cf1ffe5dd9f62551a174f43665d/execute/sync {'script': '/* getAttribute */return (function(){return (function(){var d=this||self;function f(a,b){function c(...', 'args': [{'element-6066-11e4-a52e-4f735466cecf': 'f.D9B970A5C4DB2CB7BF5F920DDB60194D.d.533F8EB43CE02439070924B153EA553C.e.34'}, 'href']}
[DEBUG][2024-10-28 12:49:41][urllib3.connectionpool] http://localhost:52739 "POST /session/fc5b6cf1ffe5dd9f62551a174f43665d/execute/sync HTTP/11" 200 0
[DEBUG][2024-10-28 12:49:41][selenium.webdriver.remote.remote_connection] Remote response: status=200 | data={"value":"https://vk.com/onlydigitalagency"} | headers=HTTPHeaderDict({'Content-Length': '44', 'Content-Type': 'application/json; charset=utf-8', 'cache-control': 'no-cache'})
[DEBUG][2024-10-28 12:49:41][selenium.webdriver.remote.remote_connection] Finished Request
[DEBUG][2024-10-28 12:49:41][selenium.webdriver.remote.remote_connection] POST http://localhost:52739/session/fc5b6cf1ffe5dd9f62551a174f43665d/element {'using': 'xpath', 'value': "(//a[@href='https://t.me/onlycreativedigitalagency'])[2]"}
[DEBUG][2024-10-28 12:49:41][urllib3.connectionpool] http://localhost:52739 "POST /session/fc5b6cf1ffe5dd9f62551a174f43665d/element HTTP/11" 200 0
[DEBUG][2024-10-28 12:49:41][selenium.webdriver.remote.remote_connection] Remote response: status=200 | data={"value":{"element-6066-11e4-a52e-4f735466cecf":"f.D9B970A5C4DB2CB7BF5F920DDB60194D.d.533F8EB43CE02439070924B153EA553C.e.35"}} | headers=HTTPHeaderDict({'Content-Length': '126', 'Content-Type': 'application/json; charset=utf-8', 'cache-control': 'no-cache'})
[DEBUG][2024-10-28 12:49:41][selenium.webdriver.remote.remote_connection] Finished Request
[DEBUG][2024-10-28 12:49:41][selenium.webdriver.remote.remote_connection] POST http://localhost:52739/session/fc5b6cf1ffe5dd9f62551a174f43665d/execute/sync {'script': '/* getAttribute */return (function(){return (function(){var d=this||self;function f(a,b){function c(...', 'args': [{'element-6066-11e4-a52e-4f735466cecf': 'f.D9B970A5C4DB2CB7BF5F920DDB60194D.d.533F8EB43CE02439070924B153EA553C.e.35'}, 'href']}
[DEBUG][2024-10-28 12:49:41][urllib3.connectionpool] http://localhost:52739 "POST /session/fc5b6cf1ffe5dd9f62551a174f43665d/execute/sync HTTP/11" 200 0
[DEBUG][2024-10-28 12:49:41][selenium.webdriver.remote.remote_connection] Remote response: status=200 | data={"value":"https://t.me/onlycreativedigitalagency"} | headers=HTTPHeaderDict({'Content-Length': '50', 'Content-Type': 'application/json; charset=utf-8', 'cache-control': 'no-cache'})
[DEBUG][2024-10-28 12:49:41][selenium.webdriver.remote.remote_connection] Finished Request
[DEBUG][2024-10-28 12:49:41][selenium.webdriver.remote.remote_connection] POST http://localhost:52739/session/fc5b6cf1ffe5dd9f62551a174f43665d/element {'using': 'xpath', 'value': "(//a[@href='https://vimeo.com/onlydigital'])[2]"}
[DEBUG][2024-10-28 12:49:41][urllib3.connectionpool] http://localhost:52739 "POST /session/fc5b6cf1ffe5dd9f62551a174f43665d/element HTTP/11" 200 0
[DEBUG][2024-10-28 12:49:41][selenium.webdriver.remote.remote_connection] Remote response: status=200 | data={"value":{"element-6066-11e4-a52e-4f735466cecf":"f.D9B970A5C4DB2CB7BF5F920DDB60194D.d.533F8EB43CE02439070924B153EA553C.e.36"}} | headers=HTTPHeaderDict({'Content-Length': '126', 'Content-Type': 'application/json; charset=utf-8', 'cache-control': 'no-cache'})
[DEBUG][2024-10-28 12:49:41][selenium.webdriver.remote.remote_connection] Finished Request
[DEBUG][2024-10-28 12:49:41][selenium.webdriver.remote.remote_connection] POST http://localhost:52739/session/fc5b6cf1ffe5dd9f62551a174f43665d/execute/sync {'script': '/* getAttribute */return (function(){return (function(){var d=this||self;function f(a,b){function c(...', 'args': [{'element-6066-11e4-a52e-4f735466cecf': 'f.D9B970A5C4DB2CB7BF5F920DDB60194D.d.533F8EB43CE02439070924B153EA553C.e.36'}, 'href']}
[DEBUG][2024-10-28 12:49:41][urllib3.connectionpool] http://localhost:52739 "POST /session/fc5b6cf1ffe5dd9f62551a174f43665d/execute/sync HTTP/11" 200 0
[DEBUG][2024-10-28 12:49:41][selenium.webdriver.remote.remote_connection] Remote response: status=200 | data={"value":"https://vimeo.com/onlydigital"} | headers=HTTPHeaderDict({'Content-Length': '41', 'Content-Type': 'application/json; charset=utf-8', 'cache-control': 'no-cache'})
[DEBUG][2024-10-28 12:49:41][selenium.webdriver.remote.remote_connection] Finished Request
[DEBUG][2024-10-28 12:49:41][selenium.webdriver.remote.remote_connection] POST http://localhost:52739/session/fc5b6cf1ffe5dd9f62551a174f43665d/element {'using': 'xpath', 'value': "(//a[@href='https://www.behance.net/onlydigitalagency'])[2]"}
[DEBUG][2024-10-28 12:49:41][urllib3.connectionpool] http://localhost:52739 "POST /session/fc5b6cf1ffe5dd9f62551a174f43665d/element HTTP/11" 200 0
[DEBUG][2024-10-28 12:49:41][selenium.webdriver.remote.remote_connection] Remote response: status=200 | data={"value":{"element-6066-11e4-a52e-4f735466cecf":"f.D9B970A5C4DB2CB7BF5F920DDB60194D.d.533F8EB43CE02439070924B153EA553C.e.37"}} | headers=HTTPHeaderDict({'Content-Length': '126', 'Content-Type': 'application/json; charset=utf-8', 'cache-control': 'no-cache'})
[DEBUG][2024-10-28 12:49:41][selenium.webdriver.remote.remote_connection] Finished Request
[DEBUG][2024-10-28 12:49:41][selenium.webdriver.remote.remote_connection] POST http://localhost:52739/session/fc5b6cf1ffe5dd9f62551a174f43665d/execute/sync {'script': '/* getAttribute */return (function(){return (function(){var d=this||self;function f(a,b){function c(...', 'args': [{'element-6066-11e4-a52e-4f735466cecf': 'f.D9B970A5C4DB2CB7BF5F920DDB60194D.d.533F8EB43CE02439070924B153EA553C.e.37'}, 'href']}
[DEBUG][2024-10-28 12:49:41][urllib3.connectionpool] http://localhost:52739 "POST /session/fc5b6cf1ffe5dd9f62551a174f43665d/execute/sync HTTP/11" 200 0
[DEBUG][2024-10-28 12:49:41][selenium.webdriver.remote.remote_connection] Remote response: status=200 | data={"value":"https://www.behance.net/onlydigitalagency"} | headers=HTTPHeaderDict({'Content-Length': '53', 'Content-Type': 'application/json; charset=utf-8', 'cache-control': 'no-cache'})
[DEBUG][2024-10-28 12:49:41][selenium.webdriver.remote.remote_connection] Finished Request
[DEBUG][2024-10-28 12:49:41][selenium.webdriver.remote.remote_connection] POST http://localhost:52739/session/fc5b6cf1ffe5dd9f62551a174f43665d/url {'url': 'https://only.digital/job'}
[DEBUG][2024-10-28 12:49:43][urllib3.connectionpool] http://localhost:52739 "POST /session/fc5b6cf1ffe5dd9f62551a174f43665d/url HTTP/11" 200 0
[DEBUG][2024-10-28 12:49:43][selenium.webdriver.remote.remote_connection] Remote response: status=200 | data={"value":null} | headers=HTTPHeaderDict({'Content-Length': '14', 'Content-Type': 'application/json; charset=utf-8', 'cache-control': 'no-cache'})
[DEBUG][2024-10-28 12:49:43][selenium.webdriver.remote.remote_connection] Finished Request
[DEBUG][2024-10-28 12:49:43][selenium.webdriver.remote.remote_connection] POST http://localhost:52739/session/fc5b6cf1ffe5dd9f62551a174f43665d/element {'using': 'xpath', 'value': "(//a[@href='https://www.awwwards.com/Ilyaredko/'])[2]"}
[DEBUG][2024-10-28 12:49:43][urllib3.connectionpool] http://localhost:52739 "POST /session/fc5b6cf1ffe5dd9f62551a174f43665d/element HTTP/11" 200 0
[DEBUG][2024-10-28 12:49:43][selenium.webdriver.remote.remote_connection] Remote response: status=200 | data={"value":{"element-6066-11e4-a52e-4f735466cecf":"f.D9B970A5C4DB2CB7BF5F920DDB60194D.d.3EDD0F37ADFF7AAD5F33257865AA1921.e.54"}} | headers=HTTPHeaderDict({'Content-Length': '126', 'Content-Type': 'application/json; charset=utf-8', 'cache-control': 'no-cache'})
[DEBUG][2024-10-28 12:49:43][selenium.webdriver.remote.remote_connection] Finished Request
[DEBUG][2024-10-28 12:49:43][selenium.webdriver.remote.remote_connection] POST http://localhost:52739/session/fc5b6cf1ffe5dd9f62551a174f43665d/execute/sync {'script': '/* getAttribute */return (function(){return (function(){var d=this||self;function f(a,b){function c(...', 'args': [{'element-6066-11e4-a52e-4f735466cecf': 'f.D9B970A5C4DB2CB7BF5F920DDB60194D.d.3EDD0F37ADFF7AAD5F33257865AA1921.e.54'}, 'href']}
[DEBUG][2024-10-28 12:49:43][urllib3.connectionpool] http://localhost:52739 "POST /session/fc5b6cf1ffe5dd9f62551a174f43665d/execute/sync HTTP/11" 200 0
[DEBUG][2024-10-28 12:49:43][selenium.webdriver.remote.remote_connection] Remote response: status=200 | data={"value":"https://www.awwwards.com/Ilyaredko/"} | headers=HTTPHeaderDict({'Content-Length': '47', 'Content-Type': 'application/json; charset=utf-8', 'cache-control': 'no-cache'})
[DEBUG][2024-10-28 12:49:43][selenium.webdriver.remote.remote_connection] Finished Request
[DEBUG][2024-10-28 12:49:43][selenium.webdriver.remote.remote_connection] POST http://localhost:52739/session/fc5b6cf1ffe5dd9f62551a174f43665d/element {'using': 'xpath', 'value': "(//a[@href='https://vk.com/onlydigitalagency'])[2]"}
[DEBUG][2024-10-28 12:49:43][urllib3.connectionpool] http://localhost:52739 "POST /session/fc5b6cf1ffe5dd9f62551a174f43665d/element HTTP/11" 200 0
[DEBUG][2024-10-28 12:49:43][selenium.webdriver.remote.remote_connection] Remote response: status=200 | data={"value":{"element-6066-11e4-a52e-4f735466cecf":"f.D9B970A5C4DB2CB7BF5F920DDB60194D.d.3EDD0F37ADFF7AAD5F33257865AA1921.e.55"}} | headers=HTTPHeaderDict({'Content-Length': '126', 'Content-Type': 'application/json; charset=utf-8', 'cache-control': 'no-cache'})
[DEBUG][2024-10-28 12:49:43][selenium.webdriver.remote.remote_connection] Finished Request
[DEBUG][2024-10-28 12:49:43][selenium.webdriver.remote.remote_connection] POST http://localhost:52739/session/fc5b6cf1ffe5dd9f62551a174f43665d/execute/sync {'script': '/* getAttribute */return (function(){return (function(){var d=this||self;function f(a,b){function c(...', 'args': [{'element-6066-11e4-a52e-4f735466cecf': 'f.D9B970A5C4DB2CB7BF5F920DDB60194D.d.3EDD0F37ADFF7AAD5F33257865AA1921.e.55'}, 'href']}
[DEBUG][2024-10-28 12:49:43][urllib3.connectionpool] http://localhost:52739 "POST /session/fc5b6cf1ffe5dd9f62551a174f43665d/execute/sync HTTP/11" 200 0
[DEBUG][2024-10-28 12:49:43][selenium.webdriver.remote.remote_connection] Remote response: status=200 | data={"value":"https://vk.com/onlydigitalagency"} | headers=HTTPHeaderDict({'Content-Length': '44', 'Content-Type': 'application/json; charset=utf-8', 'cache-control': 'no-cache'})
[DEBUG][2024-10-28 12:49:43][selenium.webdriver.remote.remote_connection] Finished Request
[DEBUG][2024-10-28 12:49:43][selenium.webdriver.remote.remote_connection] POST http://localhost:52739/session/fc5b6cf1ffe5dd9f62551a174f43665d/element {'using': 'xpath', 'value': "(//a[@href='https://t.me/onlycreativedigitalagency'])[2]"}
[DEBUG][2024-10-28 12:49:43][urllib3.connectionpool] http://localhost:52739 "POST /session/fc5b6cf1ffe5dd9f62551a174f43665d/element HTTP/11" 200 0
[DEBUG][2024-10-28 12:49:43][selenium.webdriver.remote.remote_connection] Remote response: status=200 | data={"value":{"element-6066-11e4-a52e-4f735466cecf":"f.D9B970A5C4DB2CB7BF5F920DDB60194D.d.3EDD0F37ADFF7AAD5F33257865AA1921.e.56"}} | headers=HTTPHeaderDict({'Content-Length': '126', 'Content-Type': 'application/json; charset=utf-8', 'cache-control': 'no-cache'})
[DEBUG][2024-10-28 12:49:43][selenium.webdriver.remote.remote_connection] Finished Request
[DEBUG][2024-10-28 12:49:43][selenium.webdriver.remote.remote_connection] POST http://localhost:52739/session/fc5b6cf1ffe5dd9f62551a174f43665d/execute/sync {'script': '/* getAttribute */return (function(){return (function(){var d=this||self;function f(a,b){function c(...', 'args': [{'element-6066-11e4-a52e-4f735466cecf': 'f.D9B970A5C4DB2CB7BF5F920DDB60194D.d.3EDD0F37ADFF7AAD5F33257865AA1921.e.56'}, 'href']}
[DEBUG][2024-10-28 12:49:43][urllib3.connectionpool] http://localhost:52739 "POST /session/fc5b6cf1ffe5dd9f62551a174f43665d/execute/sync HTTP/11" 200 0
[DEBUG][2024-10-28 12:49:43][selenium.webdriver.remote.remote_connection] Remote response: status=200 | data={"value":"https://t.me/onlycreativedigitalagency"} | headers=HTTPHeaderDict({'Content-Length': '50', 'Content-Type': 'application/json; charset=utf-8', 'cache-control': 'no-cache'})
[DEBUG][2024-10-28 12:49:43][selenium.webdriver.remote.remote_connection] Finished Request
[DEBUG][2024-10-28 12:49:43][selenium.webdriver.remote.remote_connection] POST http://localhost:52739/session/fc5b6cf1ffe5dd9f62551a174f43665d/element {'using': 'xpath', 'value': "(//a[@href='https://vimeo.com/onlydigital'])[2]"}
[DEBUG][2024-10-28 12:49:43][urllib3.connectionpool] http://localhost:52739 "POST /session/fc5b6cf1ffe5dd9f62551a174f43665d/element HTTP/11" 200 0
[DEBUG][2024-10-28 12:49:43][selenium.webdriver.remote.remote_connection] Remote response: status=200 | data={"value":{"element-6066-11e4-a52e-4f735466cecf":"f.D9B970A5C4DB2CB7BF5F920DDB60194D.d.3EDD0F37ADFF7AAD5F33257865AA1921.e.57"}} | headers=HTTPHeaderDict({'Content-Length': '126', 'Content-Type': 'application/json; charset=utf-8', 'cache-control': 'no-cache'})
[DEBUG][2024-10-28 12:49:43][selenium.webdriver.remote.remote_connection] Finished Request
[DEBUG][2024-10-28 12:49:43][selenium.webdriver.remote.remote_connection] POST http://localhost:52739/session/fc5b6cf1ffe5dd9f62551a174f43665d/execute/sync {'script': '/* getAttribute */return (function(){return (function(){var d=this||self;function f(a,b){function c(...', 'args': [{'element-6066-11e4-a52e-4f735466cecf': 'f.D9B970A5C4DB2CB7BF5F920DDB60194D.d.3EDD0F37ADFF7AAD5F33257865AA1921.e.57'}, 'href']}
[DEBUG][2024-10-28 12:49:43][urllib3.connectionpool] http://localhost:52739 "POST /session/fc5b6cf1ffe5dd9f62551a174f43665d/execute/sync HTTP/11" 200 0
[DEBUG][2024-10-28 12:49:43][selenium.webdriver.remote.remote_connection] Remote response: status=200 | data={"value":"https://vimeo.com/onlydigital"} | headers=HTTPHeaderDict({'Content-Length': '41', 'Content-Type': 'application/json; charset=utf-8', 'cache-control': 'no-cache'})
[DEBUG][2024-10-28 12:49:43][selenium.webdriver.remote.remote_connection] Finished Request
[DEBUG][2024-10-28 12:49:43][selenium.webdriver.remote.remote_connection] POST http://localhost:52739/session/fc5b6cf1ffe5dd9f62551a174f43665d/element {'using': 'xpath', 'value': "(//a[@href='https://www.behance.net/onlydigitalagency'])[2]"}
[DEBUG][2024-10-28 12:49:43][urllib3.connectionpool] http://localhost:52739 "POST /session/fc5b6cf1ffe5dd9f62551a174f43665d/element HTTP/11" 200 0
[DEBUG][2024-10-28 12:49:43][selenium.webdriver.remote.remote_connection] Remote response: status=200 | data={"value":{"element-6066-11e4-a52e-4f735466cecf":"f.D9B970A5C4DB2CB7BF5F920DDB60194D.d.3EDD0F37ADFF7AAD5F33257865AA1921.e.58"}} | headers=HTTPHeaderDict({'Content-Length': '126', 'Content-Type': 'application/json; charset=utf-8', 'cache-control': 'no-cache'})
[DEBUG][2024-10-28 12:49:43][selenium.webdriver.remote.remote_connection] Finished Request
[DEBUG][2024-10-28 12:49:43][selenium.webdriver.remote.remote_connection] POST http://localhost:52739/session/fc5b6cf1ffe5dd9f62551a174f43665d/execute/sync {'script': '/* getAttribute */return (function(){return (function(){var d=this||self;function f(a,b){function c(...', 'args': [{'element-6066-11e4-a52e-4f735466cecf': 'f.D9B970A5C4DB2CB7BF5F920DDB60194D.d.3EDD0F37ADFF7AAD5F33257865AA1921.e.58'}, 'href']}
[DEBUG][2024-10-28 12:49:43][urllib3.connectionpool] http://localhost:52739 "POST /session/fc5b6cf1ffe5dd9f62551a174f43665d/execute/sync HTTP/11" 200 0
[DEBUG][2024-10-28 12:49:43][selenium.webdriver.remote.remote_connection] Remote response: status=200 | data={"value":"https://www.behance.net/onlydigitalagency"} | headers=HTTPHeaderDict({'Content-Length': '53', 'Content-Type': 'application/json; charset=utf-8', 'cache-control': 'no-cache'})
[DEBUG][2024-10-28 12:49:43][selenium.webdriver.remote.remote_connection] Finished Request
[DEBUG][2024-10-28 12:49:43][selenium.webdriver.remote.remote_connection] DELETE http://localhost:52739/session/fc5b6cf1ffe5dd9f62551a174f43665d {}
[DEBUG][2024-10-28 12:49:43][urllib3.connectionpool] http://localhost:52739 "DELETE /session/fc5b6cf1ffe5dd9f62551a174f43665d HTTP/11" 200 0
[DEBUG][2024-10-28 12:49:43][selenium.webdriver.remote.remote_connection] Remote response: status=200 | data={"value":null} | headers=HTTPHeaderDict({'Content-Length': '14', 'Content-Type': 'application/json; charset=utf-8', 'cache-control': 'no-cache'})
[DEBUG][2024-10-28 12:49:43][selenium.webdriver.remote.remote_connection] Finished Request
